<?xml version="1.0" encoding="UTF-8"?>
<testsuite name="com.bharath.flightreservation.FlightreservationApplicationTests" time="0.715" tests="3" errors="2" skipped="0" failures="0">
  <properties>
[...]
</properties>
  <testcase name="testGenerateItenarary" classname="com.bharath.flightreservation.FlightreservationApplicationTests" time="0.703">
    <error type="java.lang.NullPointerException:">java.lang.NullPointerException: null
	at com.bharath.flightreservation.FlightreservationApplicationTests.testGenerateItenarary(FlightreservationApplicationTests.java:42)
</error>
    <system-out><![CDATA[21:06:30,546 |-INFO in ch.qos.logback.classic.LoggerContext[default] - Could NOT find resource [logback.groovy]
21:06:30,546 |-INFO in ch.qos.logback.classic.LoggerContext[default] - Could NOT find resource [logback-test.xml]
21:06:30,547 |-INFO in ch.qos.logback.classic.LoggerContext[default] - Found resource [logback.xml] at [file:/C:/test/flightreservation/target/classes/logback.xml]
21:06:30,709 |-INFO in ch.qos.logback.classic.joran.action.ConfigurationAction - debug attribute not set
21:06:30,724 |-INFO in ch.qos.logback.core.joran.action.AppenderAction - About to instantiate appender of type [ch.qos.logback.core.rolling.RollingFileAppender]
21:06:30,730 |-INFO in ch.qos.logback.core.joran.action.AppenderAction - Naming appender as [FILE]
21:06:30,844 |-INFO in c.q.l.core.rolling.TimeBasedRollingPolicy@540642172 - No compression will be used
21:06:30,846 |-INFO in c.q.l.core.rolling.TimeBasedRollingPolicy@540642172 - Will use the pattern /Users/Simohamed/Documents/logs/archived/flightreservation.%d{yyyy-MM-dd}.%i.log for the active file
21:06:30,849 |-INFO in ch.qos.logback.core.rolling.SizeAndTimeBasedFNATP@6fc6f14e - The date pattern is 'yyyy-MM-dd' from file name pattern '/Users/Simohamed/Documents/logs/archived/flightreservation.%d{yyyy-MM-dd}.%i.log'.
21:06:30,849 |-INFO in ch.qos.logback.core.rolling.SizeAndTimeBasedFNATP@6fc6f14e - Roll-over at midnight.
21:06:30,854 |-INFO in ch.qos.logback.core.rolling.SizeAndTimeBasedFNATP@6fc6f14e - Setting initial period to Mon Mar 26 21:06:30 EDT 2018
21:06:30,854 |-WARN in ch.qos.logback.core.rolling.SizeAndTimeBasedFNATP@6fc6f14e - SizeAndTimeBasedFNATP is deprecated. Use SizeAndTimeBasedRollingPolicy instead
21:06:30,854 |-WARN in ch.qos.logback.core.rolling.SizeAndTimeBasedFNATP@6fc6f14e - For more information see http://logback.qos.ch/manual/appenders.html#SizeAndTimeBasedRollingPolicy
21:06:30,857 |-INFO in ch.qos.logback.core.rolling.RollingFileAppender[FILE] - Active log file name: /Users/Simohamed/Documents/logs/flightreservation.log
21:06:30,857 |-INFO in ch.qos.logback.core.rolling.RollingFileAppender[FILE] - File property is set to [/Users/Simohamed/Documents/logs/flightreservation.log]
21:06:30,859 |-INFO in ch.qos.logback.core.joran.action.AppenderRefAction - Attaching appender named [FILE] to Logger[ROOT]
21:06:30,859 |-INFO in ch.qos.logback.classic.joran.action.ConfigurationAction - End of configuration.
21:06:30,860 |-INFO in ch.qos.logback.classic.joran.JoranConfigurator@56235b8e - Registering current configuration as safe fallback point


  .   ____          _            __ _ _
 /\\ / ___'_ __ _ _(_)_ __  __ _ \ \ \ \
( ( )\___ | '_ | '_| | '_ \/ _` | \ \ \ \
 \\/  ___)| |_)| | | | | || (_| |  ) ) ) )
  '  |____| .__|_| |_|_| |_\__, | / / / /
 =========|_|==============|___/=/_/_/_/
 :: Spring Boot ::        (v1.5.9.RELEASE)

Hibernate: select reservatio0_.id as id1_2_0_, reservatio0_.checked_in as checked_2_2_0_, reservatio0_.flight_id as flight_i4_2_0_, reservatio0_.number_of_bags as number_o3_2_0_, reservatio0_.passenger_id as passenge5_2_0_, flight1_.id as id1_0_1_, flight1_.arrival_city as arrival_2_0_1_, flight1_.date_of_departure as date_of_3_0_1_, flight1_.departure_city as departur4_0_1_, flight1_.estimated_departure_time as estimate5_0_1_, flight1_.flight_number as flight_n6_0_1_, flight1_.operating_airlines as operatin7_0_1_, passenger2_.id as id1_1_2_, passenger2_.email as email2_1_2_, passenger2_.first_name as first_na3_1_2_, passenger2_.last_name as last_nam4_1_2_, passenger2_.middle_name as middle_n5_1_2_, passenger2_.phone as phone6_1_2_ from reservation reservatio0_ left outer join flight flight1_ on reservatio0_.flight_id=flight1_.id left outer join passenger passenger2_ on reservatio0_.passenger_id=passenger2_.id where reservatio0_.id=?
]]></system-out>
  </testcase>
  <testcase name="testEmail" classname="com.bharath.flightreservation.FlightreservationApplicationTests" time="0.012">
    <error type="java.lang.NullPointerException:">java.lang.NullPointerException: null
	at com.bharath.flightreservation.FlightreservationApplicationTests.testEmail(FlightreservationApplicationTests.java:49)
</error>
    <system-out><![CDATA[Hibernate: select reservatio0_.id as id1_2_0_, reservatio0_.checked_in as checked_2_2_0_, reservatio0_.flight_id as flight_i4_2_0_, reservatio0_.number_of_bags as number_o3_2_0_, reservatio0_.passenger_id as passenge5_2_0_, flight1_.id as id1_0_1_, flight1_.arrival_city as arrival_2_0_1_, flight1_.date_of_departure as date_of_3_0_1_, flight1_.departure_city as departur4_0_1_, flight1_.estimated_departure_time as estimate5_0_1_, flight1_.flight_number as flight_n6_0_1_, flight1_.operating_airlines as operatin7_0_1_, passenger2_.id as id1_1_2_, passenger2_.email as email2_1_2_, passenger2_.first_name as first_na3_1_2_, passenger2_.last_name as last_nam4_1_2_, passenger2_.middle_name as middle_n5_1_2_, passenger2_.phone as phone6_1_2_ from reservation reservatio0_ left outer join flight flight1_ on reservatio0_.flight_id=flight1_.id left outer join passenger passenger2_ on reservatio0_.passenger_id=passenger2_.id where reservatio0_.id=?
]]></system-out>
  </testcase>
  <testcase name="contextLoads" classname="com.bharath.flightreservation.FlightreservationApplicationTests" time="0"/>
</testsuite>